[0917/234417.516:ERROR:process_reader_win.cc(151)] SuspendThread: Access is denied. (0x5)
[0917/234417.520:ERROR:process_reader_win.cc(151)] SuspendThread: Access is denied. (0x5)
[0917/234417.520:ERROR:process_reader_win.cc(151)] SuspendThread: Access is denied. (0x5)
[0917/234417.520:ERROR:process_reader_win.cc(151)] SuspendThread: Access is denied. (0x5)
[0917/234417.520:ERROR:process_reader_win.cc(151)] SuspendThread: Access is denied. (0x5)
[0917/234417.521:ERROR:process_reader_win.cc(123)] NtOpenThread: {Access Denied} A process has requested access to an object, but has not been granted those access rights. (0xc0000022)
[0917/234417.524:ERROR:exception_snapshot_win.cc(99)] thread ID 11176 not found in process
[0917/234417.525:ERROR:process_reader_win.cc(123)] NtOpenThread: {Access Denied} A process has requested access to an object, but has not been granted those access rights. (0xc0000022)
[0917/234417.526:ERROR:exception_snapshot_win.cc(99)] thread ID 17692 not found in process
[0917/234417.531:ERROR:process_reader_win.cc(151)] SuspendThread: Access is denied. (0x5)
[0917/234417.531:ERROR:process_reader_win.cc(151)] SuspendThread: Access is denied. (0x5)
[0917/234417.531:ERROR:process_reader_win.cc(151)] SuspendThread: Access is denied. (0x5)
[0917/234417.531:ERROR:process_reader_win.cc(151)] SuspendThread: Access is denied. (0x5)
[0917/234417.532:ERROR:process_reader_win.cc(151)] SuspendThread: Access is denied. (0x5)
[0917/234417.532:ERROR:process_reader_win.cc(151)] SuspendThread: Access is denied. (0x5)
[0917/234417.532:ERROR:process_reader_win.cc(123)] NtOpenThread: {Access Denied} A process has requested access to an object, but has not been granted those access rights. (0xc0000022)
[0917/234417.532:ERROR:exception_snapshot_win.cc(99)] thread ID 10624 not found in process
[0917/234417.589:ERROR:process_reader_win.cc(151)] SuspendThread: Access is denied. (0x5)
[0917/234417.592:ERROR:exception_snapshot_win.cc(99)] thread ID 4676 not found in process
[0917/234417.592:ERROR:scoped_process_suspend.cc(40)] NtResumeProcess: An attempt was made to access an exiting process. (0xc000010a)
[0917/234417.601:ERROR:process_reader_win.cc(123)] NtOpenThread: {Access Denied} A process has requested access to an object, but has not been granted those access rights. (0xc0000022)
[0917/234417.601:ERROR:exception_snapshot_win.cc(99)] thread ID 19768 not found in process
[1108/161650.183:ERROR:directory_reader_win.cc(43)] FindFirstFile: The system cannot find the path specified. (0x3)
[1115/135238.852:ERROR:directory_reader_win.cc(43)] FindFirstFile: The system cannot find the path specified. (0x3)
[1128/015047.920:ERROR:directory_reader_win.cc(43)] FindFirstFile: The system cannot find the path specified. (0x3)
[1130/174005.341:ERROR:directory_reader_win.cc(43)] FindFirstFile: The system cannot find the path specified. (0x3)
[1202/111339.859:ERROR:directory_reader_win.cc(43)] FindFirstFile: The system cannot find the path specified. (0x3)
[1202/194446.440:ERROR:process_reader_win.cc(123)] NtOpenThread: {Access Denied} A process has requested access to an object, but has not been granted those access rights. (0xc0000022)
[1202/194446.443:ERROR:exception_snapshot_win.cc(99)] thread ID 13152 not found in process
[1202/194446.468:ERROR:process_reader_win.cc(123)] NtOpenThread: {Access Denied} A process has requested access to an object, but has not been granted those access rights. (0xc0000022)
[1202/194446.468:ERROR:exception_snapshot_win.cc(99)] thread ID 15412 not found in process
[1202/194446.472:ERROR:process_reader_win.cc(123)] NtOpenThread: {Access Denied} A process has requested access to an object, but has not been granted those access rights. (0xc0000022)
[1202/194446.474:ERROR:exception_snapshot_win.cc(99)] thread ID 880 not found in process
[1206/174417.825:ERROR:directory_reader_win.cc(43)] FindFirstFile: The system cannot find the path specified. (0x3)
